<!DOCTYPE html PUBLIC "-//W3C//DTD XHTML 1.1//EN" "https://www.w3.org/TR/xhtml11/DTD/xhtml11.dtd">
<html xmlns="https://www.w3.org/1999/xhtml">
<head>
<meta http-equiv="content-type" content="text/html; charset=UTF-8"/>
<title>TestNG Report</title>
<style type="text/css">table {margin-bottom:10px;border-collapse:collapse;empty-cells:show}th,td {border:1px solid #009;padding:.25em .5em}th {vertical-align:bottom}td {vertical-align:top}table a {font-weight:bold}.stripe td {background-color: #E6EBF9}.num {text-align:right}.passedodd td {background-color: #3F3}.passedeven td {background-color: #0A0}.skippedodd td {background-color: #DDD}.skippedeven td {background-color: #CCC}.failedodd td,.attn {background-color: #F33}.failedeven td,.stripe .attn {background-color: #D00}.stacktrace {white-space:pre;font-family:monospace}.totop {font-size:85%;text-align:center;border-bottom:2px solid #000}.invisible {display:none}</style>
</head>
<body>
<table>
<tr><th>Test</th><th># Passed</th><th># Skipped</th><th># Retried</th><th># Failed</th><th>Time (ms)</th><th>Included Groups</th><th>Excluded Groups</th></tr>
<tr><th colspan="8">Suite</th></tr>
<tr><td><a href="#t0">TestNG_Chrome+128.0+Windows 10</a></td><td class="num">2</td><td class="num">0</td><td class="num">0</td><td class="num attn">1</td><td class="num">35,563</td><td></td><td></td></tr>
<tr class="stripe"><td><a href="#t1">TestNG_Microsoft Edge+127.0+macOS Ventura</a></td><td class="num">0</td><td class="num attn">1</td><td class="num">0</td><td class="num attn">2</td><td class="num">604,859</td><td></td><td></td></tr>
<tr><td><a href="#t2">TestNG_Firefox+130.0+Windows 11</a></td><td class="num">2</td><td class="num">0</td><td class="num">0</td><td class="num attn">1</td><td class="num">65,548</td><td></td><td></td></tr>
<tr class="stripe"><td><a href="#t3">TestNG_Internet Explorer+11.0+Windows 10</a></td><td class="num">1</td><td class="num">0</td><td class="num">0</td><td class="num attn">2</td><td class="num">25,806</td><td></td><td></td></tr>
<tr><th>Total</th><th class="num">5</th><th class="num attn">1</th><th class="num">0</th><th class="num attn">6</th><th class="num">731,776</th><th colspan="2"></th></tr>
</table>
<table id='summary'><thead><tr><th>Class</th><th>Method</th><th>Start</th><th>Time (ms)</th></tr></thead><tbody><tr><th colspan="4">Suite</th></tr></tbody><tbody id="t0"><tr><th colspan="4">TestNG_Chrome+128.0+Windows 10 &#8212; failed</th></tr><tr class="failedeven"><td rowspan="1">TestNGTests.Test_Scenario_1</td><td><a href="#m0">Test_01_WaitAndSoftAssert</a></td><td rowspan="1">1740722913484</td><td rowspan="1">297</td></tr><tr><th colspan="4">TestNG_Chrome+128.0+Windows 10 &#8212; passed</th></tr><tr class="passedeven"><td rowspan="1">TestNGTests.Test_Scenario_2</td><td><a href="#m1">testScenario2_ClickCheckBox</a></td><td rowspan="1">1740722912992</td><td rowspan="1">1259</td></tr><tr class="passedodd"><td rowspan="1">TestNGTests.Test_Scenario_3</td><td><a href="#m2">TestScenario_03_Alerts</a></td><td rowspan="1">1740722932994</td><td rowspan="1">985</td></tr></tbody>
<tbody id="t1"><tr><th colspan="4">TestNG_Microsoft Edge+127.0+macOS Ventura &#8212; failed (configuration methods)</th></tr><tr class="failedeven"><td rowspan="1">TestNGTests.Test_Scenario_3</td><td><a href="#m3">setUp</a></td><td rowspan="1">1740722934530</td><td rowspan="1">604852</td></tr><tr><th colspan="4">TestNG_Microsoft Edge+127.0+macOS Ventura &#8212; failed</th></tr><tr class="failedeven"><td rowspan="1">TestNGTests.Test_Scenario_1</td><td><a href="#m4">Test_01_WaitAndSoftAssert</a></td><td rowspan="1">1740722975366</td><td rowspan="1">122</td></tr><tr class="failedodd"><td rowspan="1">TestNGTests.Test_Scenario_2</td><td><a href="#m5">testScenario2_ClickCheckBox</a></td><td rowspan="1">1740722983889</td><td rowspan="1">23322</td></tr><tr><th colspan="4">TestNG_Microsoft Edge+127.0+macOS Ventura &#8212; skipped (configuration methods)</th></tr><tr class="skippedeven"><td rowspan="1">TestNGTests.Test_Scenario_3</td><td><a href="#m6">tearDown</a></td><td rowspan="1">1740723539386</td><td rowspan="1">-1740723539386</td></tr><tr><th colspan="4">TestNG_Microsoft Edge+127.0+macOS Ventura &#8212; skipped</th></tr><tr class="skippedeven"><td rowspan="1">TestNGTests.Test_Scenario_3</td><td><a href="#m7">TestScenario_03_Alerts</a></td><td rowspan="1">1740723539384</td><td rowspan="1">0</td></tr></tbody>
<tbody id="t2"><tr><th colspan="4">TestNG_Firefox+130.0+Windows 11 &#8212; failed</th></tr><tr class="failedeven"><td rowspan="1">TestNGTests.Test_Scenario_1</td><td><a href="#m8">Test_01_WaitAndSoftAssert</a></td><td rowspan="1">1740723563319</td><td rowspan="1">946</td></tr><tr><th colspan="4">TestNG_Firefox+130.0+Windows 11 &#8212; passed</th></tr><tr class="passedeven"><td rowspan="1">TestNGTests.Test_Scenario_2</td><td><a href="#m9">testScenario2_ClickCheckBox</a></td><td rowspan="1">1740723596690</td><td rowspan="1">6043</td></tr><tr class="passedodd"><td rowspan="1">TestNGTests.Test_Scenario_3</td><td><a href="#m10">TestScenario_03_Alerts</a></td><td rowspan="1">1740723569257</td><td rowspan="1">6780</td></tr></tbody>
<tbody id="t3"><tr><th colspan="4">TestNG_Internet Explorer+11.0+Windows 10 &#8212; failed</th></tr><tr class="failedeven"><td rowspan="1">TestNGTests.Test_Scenario_1</td><td><a href="#m11">Test_01_WaitAndSoftAssert</a></td><td rowspan="1">1740723617386</td><td rowspan="1">152</td></tr><tr class="failedodd"><td rowspan="1">TestNGTests.Test_Scenario_3</td><td><a href="#m12">TestScenario_03_Alerts</a></td><td rowspan="1">1740723627788</td><td rowspan="1">2915</td></tr><tr><th colspan="4">TestNG_Internet Explorer+11.0+Windows 10 &#8212; passed</th></tr><tr class="passedeven"><td rowspan="1">TestNGTests.Test_Scenario_2</td><td><a href="#m13">testScenario2_ClickCheckBox</a></td><td rowspan="1">1740723618510</td><td rowspan="1">2842</td></tr></tbody>
</table>
<h2>TestNG_Chrome+128.0+Windows 10</h2><h3 id="m0">TestNGTests.Test_Scenario_1#Test_01_WaitAndSoftAssert</h3><table class="result"><tr><th>Exception</th></tr><tr><td><div class="stacktrace">java.lang.AssertionError: expected:&lt;Selenium Grid Online | Run Selenium Test On Cloud&gt; but was:&lt;LambdaTest&gt;
	at TestNGTests.Test_Scenario_1.Test_01_WaitAndSoftAssert(Test_Scenario_1.java:27)
	at java.base/java.util.concurrent.ThreadPoolExecutor.runWorker(ThreadPoolExecutor.java:1144)
	at java.base/java.util.concurrent.ThreadPoolExecutor$Worker.run(ThreadPoolExecutor.java:642)
	at java.base/java.lang.Thread.run(Thread.java:1583)
... Removed 17 stack frames</div></td></tr></table><p class="totop"><a href="#summary">back to summary</a></p>
<h3 id="m1">TestNGTests.Test_Scenario_2#testScenario2_ClickCheckBox</h3><table class="result"><tr><th class="invisible"/></tr></table><p class="totop"><a href="#summary">back to summary</a></p>
<h3 id="m2">TestNGTests.Test_Scenario_3#TestScenario_03_Alerts</h3><table class="result"><tr><th class="invisible"/></tr></table><p class="totop"><a href="#summary">back to summary</a></p>
<h2>TestNG_Microsoft Edge+127.0+macOS Ventura</h2><h3 id="m3">TestNGTests.Test_Scenario_3#setUp</h3><table class="result"><tr class="param"><th>Parameter #1</th><th>Parameter #2</th><th>Parameter #3</th><th>Parameter #4</th><th>Parameter #5</th></tr><tr class="param stripe"><td>TestNG_Microsoft Edge+127.0+macOS Ventura</td><td>Microsoft Edge</td><td>127.0</td><td>macOS Ventura</td><td>http://www.lambdatest.com/selenium-playground/</td></tr><tr><th colspan="5">Exception</th></tr><tr><td colspan="5"><div class="stacktrace">java.lang.NullPointerException: Cannot invoke &quot;org.openqa.selenium.remote.RemoteWebDriver.get(String)&quot; because &quot;this.driver&quot; is null
	at Utility.ConfigureClass.setUp(ConfigureClass.java:54)
	at java.base/java.util.concurrent.ThreadPoolExecutor.runWorker(ThreadPoolExecutor.java:1144)
	at java.base/java.util.concurrent.ThreadPoolExecutor$Worker.run(ThreadPoolExecutor.java:642)
	at java.base/java.lang.Thread.run(Thread.java:1583)
... Removed 14 stack frames</div></td></tr></table><p class="totop"><a href="#summary">back to summary</a></p>
<h3 id="m4">TestNGTests.Test_Scenario_1#Test_01_WaitAndSoftAssert</h3><table class="result"><tr><th>Exception</th></tr><tr><td><div class="stacktrace">java.lang.AssertionError: expected:&lt;Selenium Grid Online | Run Selenium Test On Cloud&gt; but was:&lt;LambdaTest&gt;
	at TestNGTests.Test_Scenario_1.Test_01_WaitAndSoftAssert(Test_Scenario_1.java:27)
	at java.base/java.util.concurrent.ThreadPoolExecutor.runWorker(ThreadPoolExecutor.java:1144)
	at java.base/java.util.concurrent.ThreadPoolExecutor$Worker.run(ThreadPoolExecutor.java:642)
	at java.base/java.lang.Thread.run(Thread.java:1583)
... Removed 17 stack frames</div></td></tr></table><p class="totop"><a href="#summary">back to summary</a></p>
<h3 id="m5">TestNGTests.Test_Scenario_2#testScenario2_ClickCheckBox</h3><table class="result"><tr><th>Exception</th></tr><tr><td><div class="stacktrace">org.testng.internal.thread.ThreadTimeoutException: Method TestNGTests.Test_Scenario_2.testScenario2_ClickCheckBox() didn&apos;t finish within the time-out 20000
	at java.base/java.util.concurrent.ThreadPoolExecutor.runWorker(ThreadPoolExecutor.java:1144)
	at java.base/java.util.concurrent.ThreadPoolExecutor$Worker.run(ThreadPoolExecutor.java:642)
	at java.base/java.lang.Thread.run(Thread.java:1583)
... Removed 9 stack frames</div></td></tr></table><p class="totop"><a href="#summary">back to summary</a></p>
<h3 id="m6">TestNGTests.Test_Scenario_3#tearDown</h3><table class="result"><tr><th class="invisible"/></tr></table><p class="totop"><a href="#summary">back to summary</a></p>
<h3 id="m7">TestNGTests.Test_Scenario_3#TestScenario_03_Alerts</h3><table class="result"><tr><th>Exception</th></tr><tr><td><div class="stacktrace">java.lang.NullPointerException: Cannot invoke &quot;org.openqa.selenium.remote.RemoteWebDriver.get(String)&quot; because &quot;this.driver&quot; is null
	at Utility.ConfigureClass.setUp(ConfigureClass.java:54)
	at java.base/java.util.concurrent.ThreadPoolExecutor.runWorker(ThreadPoolExecutor.java:1144)
	at java.base/java.util.concurrent.ThreadPoolExecutor$Worker.run(ThreadPoolExecutor.java:642)
	at java.base/java.lang.Thread.run(Thread.java:1583)
... Removed 14 stack frames</div></td></tr></table><p class="totop"><a href="#summary">back to summary</a></p>
<h2>TestNG_Firefox+130.0+Windows 11</h2><h3 id="m8">TestNGTests.Test_Scenario_1#Test_01_WaitAndSoftAssert</h3><table class="result"><tr><th>Exception</th></tr><tr><td><div class="stacktrace">java.lang.AssertionError: expected:&lt;Selenium Grid Online | Run Selenium Test On Cloud&gt; but was:&lt;LambdaTest&gt;
	at TestNGTests.Test_Scenario_1.Test_01_WaitAndSoftAssert(Test_Scenario_1.java:27)
	at java.base/java.util.concurrent.ThreadPoolExecutor.runWorker(ThreadPoolExecutor.java:1144)
	at java.base/java.util.concurrent.ThreadPoolExecutor$Worker.run(ThreadPoolExecutor.java:642)
	at java.base/java.lang.Thread.run(Thread.java:1583)
... Removed 17 stack frames</div></td></tr></table><p class="totop"><a href="#summary">back to summary</a></p>
<h3 id="m9">TestNGTests.Test_Scenario_2#testScenario2_ClickCheckBox</h3><table class="result"><tr><th class="invisible"/></tr></table><p class="totop"><a href="#summary">back to summary</a></p>
<h3 id="m10">TestNGTests.Test_Scenario_3#TestScenario_03_Alerts</h3><table class="result"><tr><th class="invisible"/></tr></table><p class="totop"><a href="#summary">back to summary</a></p>
<h2>TestNG_Internet Explorer+11.0+Windows 10</h2><h3 id="m11">TestNGTests.Test_Scenario_1#Test_01_WaitAndSoftAssert</h3><table class="result"><tr><th>Exception</th></tr><tr><td><div class="stacktrace">java.lang.AssertionError: expected:&lt;Selenium Grid Online | Run Selenium Test On Cloud&gt; but was:&lt;LambdaTest&gt;
	at TestNGTests.Test_Scenario_1.Test_01_WaitAndSoftAssert(Test_Scenario_1.java:27)
	at java.base/java.util.concurrent.ThreadPoolExecutor.runWorker(ThreadPoolExecutor.java:1144)
	at java.base/java.util.concurrent.ThreadPoolExecutor$Worker.run(ThreadPoolExecutor.java:642)
	at java.base/java.lang.Thread.run(Thread.java:1583)
... Removed 17 stack frames</div></td></tr></table><p class="totop"><a href="#summary">back to summary</a></p>
<h3 id="m12">TestNGTests.Test_Scenario_3#TestScenario_03_Alerts</h3><table class="result"><tr><th>Exception</th></tr><tr><td><div class="stacktrace">org.openqa.selenium.NoAlertPresentException: No alert is active
Build info: version: &apos;3.141.59&apos;, revision: &apos;e82be7d358&apos;, time: &apos;2018-11-14T08:17:03&apos;
System info: host: &apos;adminpc-IdeaPad-5-15IAL7&apos;, ip: &apos;127.0.1.1&apos;, os.name: &apos;Linux&apos;, os.arch: &apos;amd64&apos;, os.version: &apos;6.8.0-52-generic&apos;, java.version: &apos;21.0.5&apos;
Driver info: org.openqa.selenium.remote.RemoteWebDriver
Capabilities {acceptInsecureCerts: false, browserName: internet explorer, browserVersion: 11, javascriptEnabled: true, pageLoadStrategy: normal, platform: WINDOWS, platformName: WINDOWS, proxy: Proxy(), se:ieOptions: {browserAttachTimeout: 0, elementScrollBehavior: 0, enablePersistentHover: true, ie.browserCommandLineSwitches: , ie.ensureCleanSession: false, ie.fileUploadDialogTimeout: 3000, ie.forceCreateProcessApi: false, ignoreProtectedModeSettings: false, ignoreZoomSetting: false, initialBrowserUrl: http://localhost:41000/, nativeEvents: true, requireWindowFocus: false}, setWindowRect: true, timeouts: {implicit: 0, pageLoad: 300000, script: 30000}, webdriver.remote.sessionid: b7306bb4-9f6b-4b13-af62-cd2...}
Session ID: b7306bb4-9f6b-4b13-af62-cd2b01db24b6
	at org.openqa.selenium.remote.http.W3CHttpResponseCodec.createException(W3CHttpResponseCodec.java:187)
	at org.openqa.selenium.remote.http.W3CHttpResponseCodec.decode(W3CHttpResponseCodec.java:122)
	at org.openqa.selenium.remote.http.W3CHttpResponseCodec.decode(W3CHttpResponseCodec.java:49)
	at org.openqa.selenium.remote.HttpCommandExecutor.execute(HttpCommandExecutor.java:158)
	at org.openqa.selenium.remote.RemoteWebDriver.execute(RemoteWebDriver.java:552)
	at org.openqa.selenium.remote.RemoteWebDriver.execute(RemoteWebDriver.java:609)
	at org.openqa.selenium.remote.RemoteWebDriver$RemoteTargetLocator.alert(RemoteWebDriver.java:932)
	at TestNGTests.Test_Scenario_3.TestScenario_03_Alerts(Test_Scenario_3.java:25)
	at java.base/java.util.concurrent.ThreadPoolExecutor.runWorker(ThreadPoolExecutor.java:1144)
	at java.base/java.util.concurrent.ThreadPoolExecutor$Worker.run(ThreadPoolExecutor.java:642)
	at java.base/java.lang.Thread.run(Thread.java:1583)
... Removed 18 stack frames</div></td></tr></table><p class="totop"><a href="#summary">back to summary</a></p>
<h3 id="m13">TestNGTests.Test_Scenario_2#testScenario2_ClickCheckBox</h3><table class="result"><tr><th class="invisible"/></tr></table><p class="totop"><a href="#summary">back to summary</a></p>
</body>
</html>
