<!DOCTYPE html>

<html>
  <head>
  <meta charset='utf-8'>
  <title>TestNG reports</title>

    <link type="text/css" href="testng-reports1.css" rel="stylesheet" id="ultra" />
    <link type="text/css" href="testng-reports.css" rel="stylesheet" id="retro" disabled="false"/>
    <script type="text/javascript" src="jquery.min.js"></script>
    <script type="text/javascript" src="testng-reports.js"></script>
    <script type="text/javascript" src="https://www.google.com/jsapi"></script>
    <script type='text/javascript'>
      google.load('visualization', '1', {packages:['table']});
      google.setOnLoadCallback(drawTable);
      var suiteTableInitFunctions = new Array();
      var suiteTableData = new Array();
    </script>
    <!--
      <script type="text/javascript" src="jquery-ui/js/jquery-ui-1.8.16.custom.min.js"></script>
     -->
  </head>

  <body>
    <div class="top-banner-root">
      <span class="top-banner-title-font">Test results</span>
      <button id="button" class="button">Switch Retro Theme</button> <!-- button -->
      <br/>
      <span class="top-banner-font-1">1 suite, 6 failed tests</span>
    </div> <!-- top-banner-root -->
    <div class="navigator-root">
      <div class="navigator-suite-header">
        <span>All suites</span>
        <a href="#" title="Collapse/expand all the suites" class="collapse-all-link">
          <img src="collapseall.gif" class="collapse-all-icon">
          </img> <!-- collapse-all-icon -->
        </a> <!-- collapse-all-link -->
      </div> <!-- navigator-suite-header -->
      <div class="suite">
        <div class="rounded-window">
          <div class="suite-header light-rounded-window-top">
            <a href="#" panel-name="suite-Suite" class="navigator-link">
              <span class="suite-name border-failed">Suite</span>
            </a> <!-- navigator-link -->
          </div> <!-- suite-header light-rounded-window-top -->
          <div class="navigator-suite-content">
            <div class="suite-section-title">
              <span>Info</span>
            </div> <!-- suite-section-title -->
            <div class="suite-section-content">
              <ul>
                <li>
                  <a href="#" panel-name="test-xml-Suite" class="navigator-link ">
                    <span>TestNGExecution_testng.xml</span>
                  </a> <!-- navigator-link  -->
                </li>
                <li>
                  <a href="#" panel-name="testlist-Suite" class="navigator-link ">
                    <span class="test-stats">4 tests</span>
                  </a> <!-- navigator-link  -->
                </li>
                <li>
                  <a href="#" panel-name="group-Suite" class="navigator-link ">
                    <span>0 groups</span>
                  </a> <!-- navigator-link  -->
                </li>
                <li>
                  <a href="#" panel-name="times-Suite" class="navigator-link ">
                    <span>Times</span>
                  </a> <!-- navigator-link  -->
                </li>
                <li>
                  <a href="#" panel-name="reporter-Suite" class="navigator-link ">
                    <span>Reporter output</span>
                  </a> <!-- navigator-link  -->
                </li>
                <li>
                  <a href="#" panel-name="ignored-methods-Suite" class="navigator-link ">
                    <span>Ignored methods</span>
                  </a> <!-- navigator-link  -->
                </li>
                <li>
                  <a href="#" panel-name="chronological-Suite" class="navigator-link ">
                    <span>Chronological view</span>
                  </a> <!-- navigator-link  -->
                </li>
              </ul>
            </div> <!-- suite-section-content -->
            <div class="result-section">
              <div class="suite-section-title">
                <span>Results</span>
              </div> <!-- suite-section-title -->
              <div class="suite-section-content">
                <ul>
                  <li>
                    <span class="method-stats">12 methods, 6 failed,  1 skipped,  5 passed</span>
                  </li>
                  <li>
                    <span class="method-list-title failed">Failed methods</span>
                    <span class="show-or-hide-methods failed">
                      <a href="#" panel-name="suite-Suite" class="hide-methods failed suite-Suite"> (hide)</a> <!-- hide-methods failed suite-Suite -->
                      <a href="#" panel-name="suite-Suite" class="show-methods failed suite-Suite"> (show)</a> <!-- show-methods failed suite-Suite -->
                    </span>
                    <div class="method-list-content failed suite-Suite">
                      <span>
                        <img src="failed.png" width="3%"/>
                        <a href="#" panel-name="suite-Suite" title="TestNGTests.Test_Scenario_3" class="method navigator-link" hash-for-method="TestScenario_03_Alerts">TestScenario_03_Alerts</a> <!-- method navigator-link -->
                      </span>
                      <br/>
                      <span>
                        <img src="failed.png" width="3%"/>
                        <a href="#" panel-name="suite-Suite" title="TestNGTests.Test_Scenario_1" class="method navigator-link" hash-for-method="Test_01_WaitAndSoftAssert">Test_01_WaitAndSoftAssert</a> <!-- method navigator-link -->
                      </span>
                      <br/>
                      <span>
                        <img src="failed.png" width="3%"/>
                        <a href="#" panel-name="suite-Suite" title="TestNGTests.Test_Scenario_1" class="method navigator-link" hash-for-method="Test_01_WaitAndSoftAssert">Test_01_WaitAndSoftAssert</a> <!-- method navigator-link -->
                      </span>
                      <br/>
                      <span>
                        <img src="failed.png" width="3%"/>
                        <a href="#" panel-name="suite-Suite" title="TestNGTests.Test_Scenario_1" class="method navigator-link" hash-for-method="Test_01_WaitAndSoftAssert">Test_01_WaitAndSoftAssert</a> <!-- method navigator-link -->
                      </span>
                      <br/>
                      <span>
                        <img src="failed.png" width="3%"/>
                        <a href="#" panel-name="suite-Suite" title="TestNGTests.Test_Scenario_1" class="method navigator-link" hash-for-method="Test_01_WaitAndSoftAssert">Test_01_WaitAndSoftAssert</a> <!-- method navigator-link -->
                      </span>
                      <br/>
                      <span>
                        <img src="failed.png" width="3%"/>
                        <a href="#" panel-name="suite-Suite" title="TestNGTests.Test_Scenario_2" class="method navigator-link" hash-for-method="testScenario2_ClickCheckBox">testScenario2_ClickCheckBox</a> <!-- method navigator-link -->
                      </span>
                      <br/>
                    </div> <!-- method-list-content failed suite-Suite -->
                  </li>
                  <li>
                    <span class="method-list-title skipped">Skipped methods</span>
                    <span class="show-or-hide-methods skipped">
                      <a href="#" panel-name="suite-Suite" class="hide-methods skipped suite-Suite"> (hide)</a> <!-- hide-methods skipped suite-Suite -->
                      <a href="#" panel-name="suite-Suite" class="show-methods skipped suite-Suite"> (show)</a> <!-- show-methods skipped suite-Suite -->
                    </span>
                    <div class="method-list-content skipped suite-Suite">
                      <span>
                        <img src="skipped.png" width="3%"/>
                        <a href="#" panel-name="suite-Suite" title="TestNGTests.Test_Scenario_3" class="method navigator-link" hash-for-method="TestScenario_03_Alerts">TestScenario_03_Alerts</a> <!-- method navigator-link -->
                      </span>
                      <br/>
                    </div> <!-- method-list-content skipped suite-Suite -->
                  </li>
                  <li>
                    <span class="method-list-title passed">Passed methods</span>
                    <span class="show-or-hide-methods passed">
                      <a href="#" panel-name="suite-Suite" class="hide-methods passed suite-Suite"> (hide)</a> <!-- hide-methods passed suite-Suite -->
                      <a href="#" panel-name="suite-Suite" class="show-methods passed suite-Suite"> (show)</a> <!-- show-methods passed suite-Suite -->
                    </span>
                    <div class="method-list-content passed suite-Suite">
                      <span>
                        <img src="passed.png" width="3%"/>
                        <a href="#" panel-name="suite-Suite" title="TestNGTests.Test_Scenario_3" class="method navigator-link" hash-for-method="TestScenario_03_Alerts">TestScenario_03_Alerts</a> <!-- method navigator-link -->
                      </span>
                      <br/>
                      <span>
                        <img src="passed.png" width="3%"/>
                        <a href="#" panel-name="suite-Suite" title="TestNGTests.Test_Scenario_3" class="method navigator-link" hash-for-method="TestScenario_03_Alerts">TestScenario_03_Alerts</a> <!-- method navigator-link -->
                      </span>
                      <br/>
                      <span>
                        <img src="passed.png" width="3%"/>
                        <a href="#" panel-name="suite-Suite" title="TestNGTests.Test_Scenario_2" class="method navigator-link" hash-for-method="testScenario2_ClickCheckBox">testScenario2_ClickCheckBox</a> <!-- method navigator-link -->
                      </span>
                      <br/>
                      <span>
                        <img src="passed.png" width="3%"/>
                        <a href="#" panel-name="suite-Suite" title="TestNGTests.Test_Scenario_2" class="method navigator-link" hash-for-method="testScenario2_ClickCheckBox">testScenario2_ClickCheckBox</a> <!-- method navigator-link -->
                      </span>
                      <br/>
                      <span>
                        <img src="passed.png" width="3%"/>
                        <a href="#" panel-name="suite-Suite" title="TestNGTests.Test_Scenario_2" class="method navigator-link" hash-for-method="testScenario2_ClickCheckBox">testScenario2_ClickCheckBox</a> <!-- method navigator-link -->
                      </span>
                      <br/>
                    </div> <!-- method-list-content passed suite-Suite -->
                  </li>
                </ul>
              </div> <!-- suite-section-content -->
            </div> <!-- result-section -->
          </div> <!-- navigator-suite-content -->
        </div> <!-- rounded-window -->
      </div> <!-- suite -->
    </div> <!-- navigator-root -->
    <div class="wrapper">
      <div class="main-panel-root">
        <div panel-name="suite-Suite" class="panel Suite">
          <div class="suite-Suite-class-failed">
            <div class="main-panel-header rounded-window-top">
              <img src="failed.png"/>
              <span class="class-name">TestNGTests.Test_Scenario_1</span>
            </div> <!-- main-panel-header rounded-window-top -->
            <div class="main-panel-content rounded-window-bottom">
              <div class="method">
                <div class="method-content">
                  <a name="Test_01_WaitAndSoftAssert">
                  </a> <!-- Test_01_WaitAndSoftAssert -->
                  <span class="method-name">Test_01_WaitAndSoftAssert</span>
                  <div class="stack-trace">java.lang.AssertionError: expected:&lt;Selenium Grid Online | Run Selenium Test On Cloud&gt; but was:&lt;LambdaTest&gt;
	at TestNGTests.Test_Scenario_1.Test_01_WaitAndSoftAssert(Test_Scenario_1.java:27)
	at java.base/java.util.concurrent.ThreadPoolExecutor.runWorker(ThreadPoolExecutor.java:1144)
	at java.base/java.util.concurrent.ThreadPoolExecutor$Worker.run(ThreadPoolExecutor.java:642)
	at java.base/java.lang.Thread.run(Thread.java:1583)
... Removed 17 stack frames
</div> <!-- stack-trace -->
                </div> <!-- method-content -->
              </div> <!-- method -->
              <div class="method">
                <div class="method-content">
                  <a name="Test_01_WaitAndSoftAssert">
                  </a> <!-- Test_01_WaitAndSoftAssert -->
                  <span class="method-name">Test_01_WaitAndSoftAssert</span>
                  <div class="stack-trace">java.lang.AssertionError: expected:&lt;Selenium Grid Online | Run Selenium Test On Cloud&gt; but was:&lt;LambdaTest&gt;
	at TestNGTests.Test_Scenario_1.Test_01_WaitAndSoftAssert(Test_Scenario_1.java:27)
	at java.base/java.util.concurrent.ThreadPoolExecutor.runWorker(ThreadPoolExecutor.java:1144)
	at java.base/java.util.concurrent.ThreadPoolExecutor$Worker.run(ThreadPoolExecutor.java:642)
	at java.base/java.lang.Thread.run(Thread.java:1583)
... Removed 17 stack frames
</div> <!-- stack-trace -->
                </div> <!-- method-content -->
              </div> <!-- method -->
              <div class="method">
                <div class="method-content">
                  <a name="Test_01_WaitAndSoftAssert">
                  </a> <!-- Test_01_WaitAndSoftAssert -->
                  <span class="method-name">Test_01_WaitAndSoftAssert</span>
                  <div class="stack-trace">java.lang.AssertionError: expected:&lt;Selenium Grid Online | Run Selenium Test On Cloud&gt; but was:&lt;LambdaTest&gt;
	at TestNGTests.Test_Scenario_1.Test_01_WaitAndSoftAssert(Test_Scenario_1.java:27)
	at java.base/java.util.concurrent.ThreadPoolExecutor.runWorker(ThreadPoolExecutor.java:1144)
	at java.base/java.util.concurrent.ThreadPoolExecutor$Worker.run(ThreadPoolExecutor.java:642)
	at java.base/java.lang.Thread.run(Thread.java:1583)
... Removed 17 stack frames
</div> <!-- stack-trace -->
                </div> <!-- method-content -->
              </div> <!-- method -->
              <div class="method">
                <div class="method-content">
                  <a name="Test_01_WaitAndSoftAssert">
                  </a> <!-- Test_01_WaitAndSoftAssert -->
                  <span class="method-name">Test_01_WaitAndSoftAssert</span>
                  <div class="stack-trace">java.lang.AssertionError: expected:&lt;Selenium Grid Online | Run Selenium Test On Cloud&gt; but was:&lt;LambdaTest&gt;
	at TestNGTests.Test_Scenario_1.Test_01_WaitAndSoftAssert(Test_Scenario_1.java:27)
	at java.base/java.util.concurrent.ThreadPoolExecutor.runWorker(ThreadPoolExecutor.java:1144)
	at java.base/java.util.concurrent.ThreadPoolExecutor$Worker.run(ThreadPoolExecutor.java:642)
	at java.base/java.lang.Thread.run(Thread.java:1583)
... Removed 17 stack frames
</div> <!-- stack-trace -->
                </div> <!-- method-content -->
              </div> <!-- method -->
            </div> <!-- main-panel-content rounded-window-bottom -->
          </div> <!-- suite-Suite-class-failed -->
          <div class="suite-Suite-class-failed">
            <div class="main-panel-header rounded-window-top">
              <img src="failed.png"/>
              <span class="class-name">TestNGTests.Test_Scenario_3</span>
            </div> <!-- main-panel-header rounded-window-top -->
            <div class="main-panel-content rounded-window-bottom">
              <div class="method">
                <div class="method-content">
                  <a name="TestScenario_03_Alerts">
                  </a> <!-- TestScenario_03_Alerts -->
                  <span class="method-name">TestScenario_03_Alerts</span>
                  <div class="stack-trace">org.openqa.selenium.NoAlertPresentException: No alert is active
Build info: version: &apos;3.141.59&apos;, revision: &apos;e82be7d358&apos;, time: &apos;2018-11-14T08:17:03&apos;
System info: host: &apos;adminpc-IdeaPad-5-15IAL7&apos;, ip: &apos;127.0.1.1&apos;, os.name: &apos;Linux&apos;, os.arch: &apos;amd64&apos;, os.version: &apos;6.8.0-52-generic&apos;, java.version: &apos;21.0.5&apos;
Driver info: org.openqa.selenium.remote.RemoteWebDriver
Capabilities {acceptInsecureCerts: false, browserName: internet explorer, browserVersion: 11, javascriptEnabled: true, pageLoadStrategy: normal, platform: WINDOWS, platformName: WINDOWS, proxy: Proxy(), se:ieOptions: {browserAttachTimeout: 0, elementScrollBehavior: 0, enablePersistentHover: true, ie.browserCommandLineSwitches: , ie.ensureCleanSession: false, ie.fileUploadDialogTimeout: 3000, ie.forceCreateProcessApi: false, ignoreProtectedModeSettings: false, ignoreZoomSetting: false, initialBrowserUrl: http://localhost:41000/, nativeEvents: true, requireWindowFocus: false}, setWindowRect: true, timeouts: {implicit: 0, pageLoad: 300000, script: 30000}, webdriver.remote.sessionid: b7306bb4-9f6b-4b13-af62-cd2...}
Session ID: b7306bb4-9f6b-4b13-af62-cd2b01db24b6
	at org.openqa.selenium.remote.http.W3CHttpResponseCodec.createException(W3CHttpResponseCodec.java:187)
	at org.openqa.selenium.remote.http.W3CHttpResponseCodec.decode(W3CHttpResponseCodec.java:122)
	at org.openqa.selenium.remote.http.W3CHttpResponseCodec.decode(W3CHttpResponseCodec.java:49)
	at org.openqa.selenium.remote.HttpCommandExecutor.execute(HttpCommandExecutor.java:158)
	at org.openqa.selenium.remote.RemoteWebDriver.execute(RemoteWebDriver.java:552)
	at org.openqa.selenium.remote.RemoteWebDriver.execute(RemoteWebDriver.java:609)
	at org.openqa.selenium.remote.RemoteWebDriver$RemoteTargetLocator.alert(RemoteWebDriver.java:932)
	at TestNGTests.Test_Scenario_3.TestScenario_03_Alerts(Test_Scenario_3.java:25)
	at java.base/java.util.concurrent.ThreadPoolExecutor.runWorker(ThreadPoolExecutor.java:1144)
	at java.base/java.util.concurrent.ThreadPoolExecutor$Worker.run(ThreadPoolExecutor.java:642)
	at java.base/java.lang.Thread.run(Thread.java:1583)
... Removed 18 stack frames
</div> <!-- stack-trace -->
                </div> <!-- method-content -->
              </div> <!-- method -->
            </div> <!-- main-panel-content rounded-window-bottom -->
          </div> <!-- suite-Suite-class-failed -->
          <div class="suite-Suite-class-failed">
            <div class="main-panel-header rounded-window-top">
              <img src="failed.png"/>
              <span class="class-name">TestNGTests.Test_Scenario_2</span>
            </div> <!-- main-panel-header rounded-window-top -->
            <div class="main-panel-content rounded-window-bottom">
              <div class="method">
                <div class="method-content">
                  <a name="testScenario2_ClickCheckBox">
                  </a> <!-- testScenario2_ClickCheckBox -->
                  <span class="method-name">testScenario2_ClickCheckBox</span>
                  <div class="stack-trace">org.testng.internal.thread.ThreadTimeoutException: Method TestNGTests.Test_Scenario_2.testScenario2_ClickCheckBox() didn&apos;t finish within the time-out 20000
	at java.base/java.util.concurrent.ThreadPoolExecutor.runWorker(ThreadPoolExecutor.java:1144)
	at java.base/java.util.concurrent.ThreadPoolExecutor$Worker.run(ThreadPoolExecutor.java:642)
	at java.base/java.lang.Thread.run(Thread.java:1583)
... Removed 9 stack frames
</div> <!-- stack-trace -->
                </div> <!-- method-content -->
              </div> <!-- method -->
            </div> <!-- main-panel-content rounded-window-bottom -->
          </div> <!-- suite-Suite-class-failed -->
          <div class="suite-Suite-class-skipped">
            <div class="main-panel-header rounded-window-top">
              <img src="skipped.png"/>
              <span class="class-name">TestNGTests.Test_Scenario_3</span>
            </div> <!-- main-panel-header rounded-window-top -->
            <div class="main-panel-content rounded-window-bottom">
              <div class="method">
                <div class="method-content">
                  <a name="TestScenario_03_Alerts">
                  </a> <!-- TestScenario_03_Alerts -->
                  <span class="method-name">TestScenario_03_Alerts</span>
                  <div class="stack-trace">java.lang.NullPointerException: Cannot invoke &quot;org.openqa.selenium.remote.RemoteWebDriver.get(String)&quot; because &quot;this.driver&quot; is null
	at Utility.ConfigureClass.setUp(ConfigureClass.java:54)
	at java.base/java.util.concurrent.ThreadPoolExecutor.runWorker(ThreadPoolExecutor.java:1144)
	at java.base/java.util.concurrent.ThreadPoolExecutor$Worker.run(ThreadPoolExecutor.java:642)
	at java.base/java.lang.Thread.run(Thread.java:1583)
... Removed 14 stack frames
</div> <!-- stack-trace -->
                </div> <!-- method-content -->
              </div> <!-- method -->
            </div> <!-- main-panel-content rounded-window-bottom -->
          </div> <!-- suite-Suite-class-skipped -->
          <div class="suite-Suite-class-passed">
            <div class="main-panel-header rounded-window-top">
              <img src="passed.png"/>
              <span class="class-name">TestNGTests.Test_Scenario_3</span>
            </div> <!-- main-panel-header rounded-window-top -->
            <div class="main-panel-content rounded-window-bottom">
              <div class="method">
                <div class="method-content">
                  <a name="TestScenario_03_Alerts">
                  </a> <!-- TestScenario_03_Alerts -->
                  <span class="method-name">TestScenario_03_Alerts</span>
                </div> <!-- method-content -->
              </div> <!-- method -->
              <div class="method">
                <div class="method-content">
                  <a name="TestScenario_03_Alerts">
                  </a> <!-- TestScenario_03_Alerts -->
                  <span class="method-name">TestScenario_03_Alerts</span>
                </div> <!-- method-content -->
              </div> <!-- method -->
            </div> <!-- main-panel-content rounded-window-bottom -->
          </div> <!-- suite-Suite-class-passed -->
          <div class="suite-Suite-class-passed">
            <div class="main-panel-header rounded-window-top">
              <img src="passed.png"/>
              <span class="class-name">TestNGTests.Test_Scenario_2</span>
            </div> <!-- main-panel-header rounded-window-top -->
            <div class="main-panel-content rounded-window-bottom">
              <div class="method">
                <div class="method-content">
                  <a name="testScenario2_ClickCheckBox">
                  </a> <!-- testScenario2_ClickCheckBox -->
                  <span class="method-name">testScenario2_ClickCheckBox</span>
                </div> <!-- method-content -->
              </div> <!-- method -->
              <div class="method">
                <div class="method-content">
                  <a name="testScenario2_ClickCheckBox">
                  </a> <!-- testScenario2_ClickCheckBox -->
                  <span class="method-name">testScenario2_ClickCheckBox</span>
                </div> <!-- method-content -->
              </div> <!-- method -->
              <div class="method">
                <div class="method-content">
                  <a name="testScenario2_ClickCheckBox">
                  </a> <!-- testScenario2_ClickCheckBox -->
                  <span class="method-name">testScenario2_ClickCheckBox</span>
                </div> <!-- method-content -->
              </div> <!-- method -->
            </div> <!-- main-panel-content rounded-window-bottom -->
          </div> <!-- suite-Suite-class-passed -->
        </div> <!-- panel Suite -->
        <div panel-name="test-xml-Suite" class="panel">
          <div class="main-panel-header rounded-window-top">
            <span class="header-content">/home/adminpc/eclipse-workspace/TestNG_Subjective/TestNGExecution_testng.xml</span>
          </div> <!-- main-panel-header rounded-window-top -->
          <div class="main-panel-content rounded-window-bottom">
            <pre>
&lt;?xml version=&quot;1.0&quot; encoding=&quot;UTF-8&quot;?&gt;
&lt;!DOCTYPE suite SYSTEM &quot;https://testng.org/testng-1.0.dtd&quot;&gt;
&lt;suite thread-count=&quot;3&quot; parallel=&quot;classes&quot; name=&quot;Suite&quot; guice-stage=&quot;DEVELOPMENT&quot;&gt;
  &lt;test thread-count=&quot;3&quot; parallel=&quot;classes&quot; name=&quot;TestNG_Chrome+128.0+Windows 10&quot;&gt;
    &lt;parameter name=&quot;TestName&quot; value=&quot;TestNG_Chrome+128.0+Windows 10&quot;/&gt;
    &lt;parameter name=&quot;Platform&quot; value=&quot;Windows 10&quot;/&gt;
    &lt;parameter name=&quot;Version&quot; value=&quot;128.0&quot;/&gt;
    &lt;parameter name=&quot;browsername&quot; value=&quot;Chrome&quot;/&gt;
    &lt;parameter name=&quot;URL&quot; value=&quot;http://www.lambdatest.com/selenium-playground/&quot;/&gt;
    &lt;classes&gt;
      &lt;class name=&quot;TestNGTests.Test_Scenario_2&quot;/&gt;
      &lt;class name=&quot;TestNGTests.Test_Scenario_1&quot;/&gt;
      &lt;class name=&quot;TestNGTests.Test_Scenario_3&quot;/&gt;
    &lt;/classes&gt;
  &lt;/test&gt; &lt;!-- TestNG_Chrome+128.0+Windows 10 --&gt;
  &lt;test thread-count=&quot;3&quot; parallel=&quot;classes&quot; name=&quot;TestNG_Microsoft Edge+127.0+macOS Ventura&quot;&gt;
    &lt;parameter name=&quot;TestName&quot; value=&quot;TestNG_Microsoft Edge+127.0+macOS Ventura&quot;/&gt;
    &lt;parameter name=&quot;Platform&quot; value=&quot;macOS Ventura&quot;/&gt;
    &lt;parameter name=&quot;Version&quot; value=&quot;127.0&quot;/&gt;
    &lt;parameter name=&quot;browsername&quot; value=&quot;Microsoft Edge&quot;/&gt;
    &lt;parameter name=&quot;URL&quot; value=&quot;http://www.lambdatest.com/selenium-playground/&quot;/&gt;
    &lt;classes&gt;
      &lt;class name=&quot;TestNGTests.Test_Scenario_2&quot;/&gt;
      &lt;class name=&quot;TestNGTests.Test_Scenario_1&quot;/&gt;
      &lt;class name=&quot;TestNGTests.Test_Scenario_3&quot;/&gt;
    &lt;/classes&gt;
  &lt;/test&gt; &lt;!-- TestNG_Microsoft Edge+127.0+macOS Ventura --&gt;
  &lt;test thread-count=&quot;3&quot; parallel=&quot;classes&quot; name=&quot;TestNG_Firefox+130.0+Windows 11&quot;&gt;
    &lt;parameter name=&quot;TestName&quot; value=&quot;TestNG_Firefox+130.0+Windows 11&quot;/&gt;
    &lt;parameter name=&quot;Platform&quot; value=&quot;Windows 11&quot;/&gt;
    &lt;parameter name=&quot;Version&quot; value=&quot;130.0&quot;/&gt;
    &lt;parameter name=&quot;browsername&quot; value=&quot;Firefox&quot;/&gt;
    &lt;parameter name=&quot;URL&quot; value=&quot;http://www.lambdatest.com/selenium-playground/&quot;/&gt;
    &lt;classes&gt;
      &lt;class name=&quot;TestNGTests.Test_Scenario_2&quot;/&gt;
      &lt;class name=&quot;TestNGTests.Test_Scenario_1&quot;/&gt;
      &lt;class name=&quot;TestNGTests.Test_Scenario_3&quot;/&gt;
    &lt;/classes&gt;
  &lt;/test&gt; &lt;!-- TestNG_Firefox+130.0+Windows 11 --&gt;
  &lt;test thread-count=&quot;3&quot; parallel=&quot;classes&quot; name=&quot;TestNG_Internet Explorer+11.0+Windows 10&quot;&gt;
    &lt;parameter name=&quot;TestName&quot; value=&quot;TestNG_Internet Explorer+11.0+Windows 10&quot;/&gt;
    &lt;parameter name=&quot;Platform&quot; value=&quot;Windows 10&quot;/&gt;
    &lt;parameter name=&quot;Version&quot; value=&quot;11.0&quot;/&gt;
    &lt;parameter name=&quot;browsername&quot; value=&quot;Internet Explorer&quot;/&gt;
    &lt;parameter name=&quot;URL&quot; value=&quot;http://www.lambdatest.com/selenium-playground/&quot;/&gt;
    &lt;classes&gt;
      &lt;class name=&quot;TestNGTests.Test_Scenario_2&quot;/&gt;
      &lt;class name=&quot;TestNGTests.Test_Scenario_1&quot;/&gt;
      &lt;class name=&quot;TestNGTests.Test_Scenario_3&quot;/&gt;
    &lt;/classes&gt;
  &lt;/test&gt; &lt;!-- TestNG_Internet Explorer+11.0+Windows 10 --&gt;
&lt;/suite&gt; &lt;!-- Suite --&gt;
            </pre>
          </div> <!-- main-panel-content rounded-window-bottom -->
        </div> <!-- panel -->
        <div panel-name="testlist-Suite" class="panel">
          <div class="main-panel-header rounded-window-top">
            <span class="header-content">Tests for Suite</span>
          </div> <!-- main-panel-header rounded-window-top -->
          <div class="main-panel-content rounded-window-bottom">
            <ul>
              <li>
                <span class="test-name">TestNG_Chrome+128.0+Windows 10 (3 classes)</span>
              </li>
              <li>
                <span class="test-name">TestNG_Microsoft Edge+127.0+macOS Ventura (3 classes)</span>
              </li>
              <li>
                <span class="test-name">TestNG_Firefox+130.0+Windows 11 (3 classes)</span>
              </li>
              <li>
                <span class="test-name">TestNG_Internet Explorer+11.0+Windows 10 (3 classes)</span>
              </li>
            </ul>
          </div> <!-- main-panel-content rounded-window-bottom -->
        </div> <!-- panel -->
        <div panel-name="group-Suite" class="panel">
          <div class="main-panel-header rounded-window-top">
            <span class="header-content">Groups for Suite</span>
          </div> <!-- main-panel-header rounded-window-top -->
          <div class="main-panel-content rounded-window-bottom">
          </div> <!-- main-panel-content rounded-window-bottom -->
        </div> <!-- panel -->
        <div panel-name="times-Suite" class="panel">
          <div class="main-panel-header rounded-window-top">
            <span class="header-content">Times for Suite</span>
          </div> <!-- main-panel-header rounded-window-top -->
          <div class="main-panel-content rounded-window-bottom">
            <div class="times-div">
              <script type="text/javascript">
suiteTableInitFunctions.push('tableData_Suite');
function tableData_Suite() {
var data = new google.visualization.DataTable();
data.addColumn('number', 'Number');
data.addColumn('string', 'Method');
data.addColumn('string', 'Class');
data.addColumn('number', 'Time (ms)');
data.addRows(12);
data.setCell(0, 0, 0)
data.setCell(0, 1, 'testScenario2_ClickCheckBox')
data.setCell(0, 2, 'TestNGTests.Test_Scenario_2')
data.setCell(0, 3, 23322);
data.setCell(1, 0, 1)
data.setCell(1, 1, 'TestScenario_03_Alerts')
data.setCell(1, 2, 'TestNGTests.Test_Scenario_3')
data.setCell(1, 3, 6780);
data.setCell(2, 0, 2)
data.setCell(2, 1, 'testScenario2_ClickCheckBox')
data.setCell(2, 2, 'TestNGTests.Test_Scenario_2')
data.setCell(2, 3, 6043);
data.setCell(3, 0, 3)
data.setCell(3, 1, 'TestScenario_03_Alerts')
data.setCell(3, 2, 'TestNGTests.Test_Scenario_3')
data.setCell(3, 3, 2915);
data.setCell(4, 0, 4)
data.setCell(4, 1, 'testScenario2_ClickCheckBox')
data.setCell(4, 2, 'TestNGTests.Test_Scenario_2')
data.setCell(4, 3, 2842);
data.setCell(5, 0, 5)
data.setCell(5, 1, 'testScenario2_ClickCheckBox')
data.setCell(5, 2, 'TestNGTests.Test_Scenario_2')
data.setCell(5, 3, 1259);
data.setCell(6, 0, 6)
data.setCell(6, 1, 'TestScenario_03_Alerts')
data.setCell(6, 2, 'TestNGTests.Test_Scenario_3')
data.setCell(6, 3, 985);
data.setCell(7, 0, 7)
data.setCell(7, 1, 'Test_01_WaitAndSoftAssert')
data.setCell(7, 2, 'TestNGTests.Test_Scenario_1')
data.setCell(7, 3, 946);
data.setCell(8, 0, 8)
data.setCell(8, 1, 'Test_01_WaitAndSoftAssert')
data.setCell(8, 2, 'TestNGTests.Test_Scenario_1')
data.setCell(8, 3, 297);
data.setCell(9, 0, 9)
data.setCell(9, 1, 'Test_01_WaitAndSoftAssert')
data.setCell(9, 2, 'TestNGTests.Test_Scenario_1')
data.setCell(9, 3, 152);
data.setCell(10, 0, 10)
data.setCell(10, 1, 'Test_01_WaitAndSoftAssert')
data.setCell(10, 2, 'TestNGTests.Test_Scenario_1')
data.setCell(10, 3, 122);
data.setCell(11, 0, 11)
data.setCell(11, 1, 'TestScenario_03_Alerts')
data.setCell(11, 2, 'TestNGTests.Test_Scenario_3')
data.setCell(11, 3, 0);
window.suiteTableData['Suite']= { tableData: data, tableDiv: 'times-div-Suite'}
return data;
}
              </script>
              <span class="suite-total-time">Total running time: 45 seconds</span>
              <div id="times-div-Suite">
              </div> <!-- times-div-Suite -->
            </div> <!-- times-div -->
          </div> <!-- main-panel-content rounded-window-bottom -->
        </div> <!-- panel -->
        <div panel-name="reporter-Suite" class="panel">
          <div class="main-panel-header rounded-window-top">
            <span class="header-content">Reporter output for Suite</span>
          </div> <!-- main-panel-header rounded-window-top -->
          <div class="main-panel-content rounded-window-bottom">
          </div> <!-- main-panel-content rounded-window-bottom -->
        </div> <!-- panel -->
        <div panel-name="ignored-methods-Suite" class="panel">
          <div class="main-panel-header rounded-window-top">
            <span class="header-content">0 ignored methods</span>
          </div> <!-- main-panel-header rounded-window-top -->
          <div class="main-panel-content rounded-window-bottom">
          </div> <!-- main-panel-content rounded-window-bottom -->
        </div> <!-- panel -->
        <div panel-name="chronological-Suite" class="panel">
          <div class="main-panel-header rounded-window-top">
            <span class="header-content">Methods in chronological order</span>
          </div> <!-- main-panel-header rounded-window-top -->
          <div class="main-panel-content rounded-window-bottom">
            <div class="chronological-class">
              <div class="chronological-class-name">TestNGTests.Test_Scenario_2</div> <!-- chronological-class-name -->
              <div class="configuration-method before">
                <span class="method-name">setUp(TestNG_Chrome+128.0+Windows 10, Chrome, 128.0, Windows 10, http://www.lambdatest.com/selenium-playgr...)</span>
                <span class="method-start">0 ms</span>
              </div> <!-- configuration-method before -->
            </div> <!-- chronological-class -->
            <div class="chronological-class">
              <div class="chronological-class-name">TestNGTests.Test_Scenario_1</div> <!-- chronological-class-name -->
              <div class="configuration-method before">
                <span class="method-name">setUp(TestNG_Chrome+128.0+Windows 10, Chrome, 128.0, Windows 10, http://www.lambdatest.com/selenium-playgr...)</span>
                <span class="method-start">0 ms</span>
              </div> <!-- configuration-method before -->
            </div> <!-- chronological-class -->
            <div class="chronological-class">
              <div class="chronological-class-name">TestNGTests.Test_Scenario_3</div> <!-- chronological-class-name -->
              <div class="configuration-method before">
                <span class="method-name">setUp(TestNG_Chrome+128.0+Windows 10, Chrome, 128.0, Windows 10, http://www.lambdatest.com/selenium-playgr...)</span>
                <span class="method-start">0 ms</span>
              </div> <!-- configuration-method before -->
            </div> <!-- chronological-class -->
            <div class="chronological-class">
              <div class="chronological-class-name">TestNGTests.Test_Scenario_2</div> <!-- chronological-class-name -->
              <div class="test-method">
                <span class="method-name">testScenario2_ClickCheckBox</span>
                <span class="method-start">14048 ms</span>
              </div> <!-- test-method -->
            </div> <!-- chronological-class -->
            <div class="chronological-class">
              <div class="chronological-class-name">TestNGTests.Test_Scenario_1</div> <!-- chronological-class-name -->
              <div class="test-method">
                <img src="failed.png">
                </img>
                <span class="method-name">Test_01_WaitAndSoftAssert</span>
                <span class="method-start">14540 ms</span>
              </div> <!-- test-method -->
              <div class="configuration-method after">
                <span class="method-name">tearDown</span>
                <span class="method-start">14841 ms</span>
              </div> <!-- configuration-method after -->
            </div> <!-- chronological-class -->
            <div class="chronological-class">
              <div class="chronological-class-name">TestNGTests.Test_Scenario_2</div> <!-- chronological-class-name -->
              <div class="configuration-method after">
                <span class="method-name">tearDown</span>
                <span class="method-start">15309 ms</span>
              </div> <!-- configuration-method after -->
            </div> <!-- chronological-class -->
            <div class="chronological-class">
              <div class="chronological-class-name">TestNGTests.Test_Scenario_3</div> <!-- chronological-class-name -->
              <div class="test-method">
                <span class="method-name">TestScenario_03_Alerts</span>
                <span class="method-start">34050 ms</span>
              </div> <!-- test-method -->
              <div class="configuration-method after">
                <span class="method-name">tearDown</span>
                <span class="method-start">35037 ms</span>
              </div> <!-- configuration-method after -->
            </div> <!-- chronological-class -->
            <div class="chronological-class">
              <div class="chronological-class-name">TestNGTests.Test_Scenario_2</div> <!-- chronological-class-name -->
              <div class="configuration-method before">
                <span class="method-name">setUp(TestNG_Microsoft Edge+127.0+macOS Ventura, Microsoft Edge, 127.0, macOS Ventura, http://www.lambdate...)</span>
                <span class="method-start">35586 ms</span>
              </div> <!-- configuration-method before -->
            </div> <!-- chronological-class -->
            <div class="chronological-class">
              <div class="chronological-class-name">TestNGTests.Test_Scenario_3</div> <!-- chronological-class-name -->
              <div class="configuration-method before">
                <img src="failed.png">
                </img>
                <span class="method-name">setUp(TestNG_Microsoft Edge+127.0+macOS Ventura, Microsoft Edge, 127.0, macOS Ventura, http://www.lambdate...)</span>
                <span class="method-start">35586 ms</span>
              </div> <!-- configuration-method before -->
            </div> <!-- chronological-class -->
            <div class="chronological-class">
              <div class="chronological-class-name">TestNGTests.Test_Scenario_1</div> <!-- chronological-class-name -->
              <div class="configuration-method before">
                <span class="method-name">setUp(TestNG_Microsoft Edge+127.0+macOS Ventura, Microsoft Edge, 127.0, macOS Ventura, http://www.lambdate...)</span>
                <span class="method-start">35586 ms</span>
              </div> <!-- configuration-method before -->
              <div class="test-method">
                <img src="failed.png">
                </img>
                <span class="method-name">Test_01_WaitAndSoftAssert</span>
                <span class="method-start">76422 ms</span>
              </div> <!-- test-method -->
              <div class="configuration-method after">
                <span class="method-name">tearDown</span>
                <span class="method-start">76546 ms</span>
              </div> <!-- configuration-method after -->
            </div> <!-- chronological-class -->
            <div class="chronological-class">
              <div class="chronological-class-name">TestNGTests.Test_Scenario_2</div> <!-- chronological-class-name -->
              <div class="test-method">
                <img src="failed.png">
                </img>
                <span class="method-name">testScenario2_ClickCheckBox</span>
                <span class="method-start">84945 ms</span>
              </div> <!-- test-method -->
              <div class="configuration-method after">
                <span class="method-name">tearDown</span>
                <span class="method-start">108268 ms</span>
              </div> <!-- configuration-method after -->
            </div> <!-- chronological-class -->
            <div class="chronological-class">
              <div class="chronological-class-name">TestNGTests.Test_Scenario_3</div> <!-- chronological-class-name -->
              <div class="test-method">
                <span class="method-name">TestScenario_03_Alerts</span>
                <span class="method-start">640440 ms</span>
              </div> <!-- test-method -->
              <div class="configuration-method after">
                <span class="method-name">tearDown</span>
                <span class="method-start">640442 ms</span>
              </div> <!-- configuration-method after -->
            </div> <!-- chronological-class -->
            <div class="chronological-class">
              <div class="chronological-class-name">TestNGTests.Test_Scenario_1</div> <!-- chronological-class-name -->
              <div class="configuration-method before">
                <span class="method-name">setUp(TestNG_Firefox+130.0+Windows 11, Firefox, 130.0, Windows 11, http://www.lambdatest.com/selenium-play...)</span>
                <span class="method-start">640451 ms</span>
              </div> <!-- configuration-method before -->
            </div> <!-- chronological-class -->
            <div class="chronological-class">
              <div class="chronological-class-name">TestNGTests.Test_Scenario_3</div> <!-- chronological-class-name -->
              <div class="configuration-method before">
                <span class="method-name">setUp(TestNG_Firefox+130.0+Windows 11, Firefox, 130.0, Windows 11, http://www.lambdatest.com/selenium-play...)</span>
                <span class="method-start">640451 ms</span>
              </div> <!-- configuration-method before -->
            </div> <!-- chronological-class -->
            <div class="chronological-class">
              <div class="chronological-class-name">TestNGTests.Test_Scenario_2</div> <!-- chronological-class-name -->
              <div class="configuration-method before">
                <span class="method-name">setUp(TestNG_Firefox+130.0+Windows 11, Firefox, 130.0, Windows 11, http://www.lambdatest.com/selenium-play...)</span>
                <span class="method-start">640451 ms</span>
              </div> <!-- configuration-method before -->
            </div> <!-- chronological-class -->
            <div class="chronological-class">
              <div class="chronological-class-name">TestNGTests.Test_Scenario_1</div> <!-- chronological-class-name -->
              <div class="test-method">
                <img src="failed.png">
                </img>
                <span class="method-name">Test_01_WaitAndSoftAssert</span>
                <span class="method-start">664375 ms</span>
              </div> <!-- test-method -->
              <div class="configuration-method after">
                <span class="method-name">tearDown</span>
                <span class="method-start">665322 ms</span>
              </div> <!-- configuration-method after -->
            </div> <!-- chronological-class -->
            <div class="chronological-class">
              <div class="chronological-class-name">TestNGTests.Test_Scenario_3</div> <!-- chronological-class-name -->
              <div class="test-method">
                <span class="method-name">TestScenario_03_Alerts</span>
                <span class="method-start">670313 ms</span>
              </div> <!-- test-method -->
              <div class="configuration-method after">
                <span class="method-name">tearDown</span>
                <span class="method-start">677096 ms</span>
              </div> <!-- configuration-method after -->
            </div> <!-- chronological-class -->
            <div class="chronological-class">
              <div class="chronological-class-name">TestNGTests.Test_Scenario_2</div> <!-- chronological-class-name -->
              <div class="test-method">
                <span class="method-name">testScenario2_ClickCheckBox</span>
                <span class="method-start">697746 ms</span>
              </div> <!-- test-method -->
              <div class="configuration-method after">
                <span class="method-name">tearDown</span>
                <span class="method-start">703790 ms</span>
              </div> <!-- configuration-method after -->
              <div class="configuration-method before">
                <span class="method-name">setUp(TestNG_Internet Explorer+11.0+Windows 10, Internet Explorer, 11.0, Windows 10, http://www.lambdatest...)</span>
                <span class="method-start">706003 ms</span>
              </div> <!-- configuration-method before -->
            </div> <!-- chronological-class -->
            <div class="chronological-class">
              <div class="chronological-class-name">TestNGTests.Test_Scenario_3</div> <!-- chronological-class-name -->
              <div class="configuration-method before">
                <span class="method-name">setUp(TestNG_Internet Explorer+11.0+Windows 10, Internet Explorer, 11.0, Windows 10, http://www.lambdatest...)</span>
                <span class="method-start">706003 ms</span>
              </div> <!-- configuration-method before -->
            </div> <!-- chronological-class -->
            <div class="chronological-class">
              <div class="chronological-class-name">TestNGTests.Test_Scenario_1</div> <!-- chronological-class-name -->
              <div class="configuration-method before">
                <span class="method-name">setUp(TestNG_Internet Explorer+11.0+Windows 10, Internet Explorer, 11.0, Windows 10, http://www.lambdatest...)</span>
                <span class="method-start">706003 ms</span>
              </div> <!-- configuration-method before -->
              <div class="test-method">
                <img src="failed.png">
                </img>
                <span class="method-name">Test_01_WaitAndSoftAssert</span>
                <span class="method-start">718442 ms</span>
              </div> <!-- test-method -->
              <div class="configuration-method after">
                <span class="method-name">tearDown</span>
                <span class="method-start">718596 ms</span>
              </div> <!-- configuration-method after -->
            </div> <!-- chronological-class -->
            <div class="chronological-class">
              <div class="chronological-class-name">TestNGTests.Test_Scenario_2</div> <!-- chronological-class-name -->
              <div class="test-method">
                <span class="method-name">testScenario2_ClickCheckBox</span>
                <span class="method-start">719566 ms</span>
              </div> <!-- test-method -->
              <div class="configuration-method after">
                <span class="method-name">tearDown</span>
                <span class="method-start">722410 ms</span>
              </div> <!-- configuration-method after -->
            </div> <!-- chronological-class -->
            <div class="chronological-class">
              <div class="chronological-class-name">TestNGTests.Test_Scenario_3</div> <!-- chronological-class-name -->
              <div class="test-method">
                <img src="failed.png">
                </img>
                <span class="method-name">TestScenario_03_Alerts</span>
                <span class="method-start">728844 ms</span>
              </div> <!-- test-method -->
              <div class="configuration-method after">
                <span class="method-name">tearDown</span>
                <span class="method-start">731760 ms</span>
              </div> <!-- configuration-method after -->
          </div> <!-- main-panel-content rounded-window-bottom -->
        </div> <!-- panel -->
      </div> <!-- main-panel-root -->
    </div> <!-- wrapper -->
  </body>
<script type="text/javascript" src="testng-reports2.js"></script>
</html>
