<?xml version="1.0" encoding="UTF-8"?>
<!-- Generated by org.testng.reporters.JUnitReportReporter -->
<testsuite hostname="adminpc-IdeaPad-5-15IAL7" failures="0" tests="4" name="TestNGTests.Test_Scenario_2" time="170.996" errors="1" timestamp="2025-02-28T11:50:30 IST" skipped="0">
  <testcase classname="TestNGTests.Test_Scenario_2" name="testScenario2_ClickCheckBox" time="15.380"/>
  <system-out/>
  <testcase classname="TestNGTests.Test_Scenario_2" name="testScenario2_ClickCheckBox" time="73.624">
    <error message="Method TestNGTests.Test_Scenario_2.testScenario2_ClickCheckBox() didn&#039;t finish within the time-out 20000" type="org.testng.internal.thread.ThreadTimeoutException">
      <![CDATA[org.testng.internal.thread.ThreadTimeoutException: Method TestNGTests.Test_Scenario_2.testScenario2_ClickCheckBox() didn't finish within the time-out 20000
at org.testng.internal.MethodInvocationHelper.invokeWithTimeoutWithNoExecutor(MethodInvocationHelper.java:348)
at org.testng.internal.MethodInvocationHelper.invokeWithTimeout(MethodInvocationHelper.java:281)
at org.testng.internal.TestInvoker.invokeMethod(TestInvoker.java:604)
at org.testng.internal.TestInvoker.invokeTestMethod(TestInvoker.java:173)
at org.testng.internal.MethodRunner.runInSequence(MethodRunner.java:46)
at org.testng.internal.TestInvoker$MethodInvocationAgent.invoke(TestInvoker.java:824)
at org.testng.internal.TestInvoker.invokeTestMethods(TestInvoker.java:146)
at org.testng.internal.TestMethodWorker.invokeTestMethods(TestMethodWorker.java:146)
at org.testng.internal.TestMethodWorker.run(TestMethodWorker.java:128)
at java.base/java.util.concurrent.ThreadPoolExecutor.runWorker(ThreadPoolExecutor.java:1144)
at java.base/java.util.concurrent.ThreadPoolExecutor$Worker.run(ThreadPoolExecutor.java:642)
at java.base/java.lang.Thread.run(Thread.java:1583)
]]>
    </error>
  </testcase> <!-- testScenario2_ClickCheckBox -->
  <system-out/>
  <testcase classname="TestNGTests.Test_Scenario_2" name="testScenario2_ClickCheckBox" time="16.448"/>
  <system-out/>
  <testcase classname="TestNGTests.Test_Scenario_2" name="testScenario2_ClickCheckBox" time="65.544"/>
  <system-out/>
</testsuite> <!-- TestNGTests.Test_Scenario_2 -->
