<?xml version="1.0" encoding="UTF-8"?>
<!-- Generated by org.testng.reporters.JUnitXMLReporter -->
<testsuite ignored="0" hostname="adminpc-IdeaPad-5-15IAL7" failures="1" tests="3" name="TestNG_Firefox+130.0+Windows 11" time="65.548" errors="0" timestamp="2025-02-28T11:50:04 IST">
  <testcase classname="TestNGTests.Test_Scenario_1" name="Test_01_WaitAndSoftAssert" time="0.946">
    <failure type="java.lang.AssertionError" message="expected:&amp;lt;Selenium Grid Online | Run Selenium Test On Cloud&amp;gt; but was:&amp;lt;LambdaTest&amp;gt;">
      <![CDATA[java.lang.AssertionError: expected:<Selenium Grid Online | Run Selenium Test On Cloud> but was:<LambdaTest>
at TestNGTests.Test_Scenario_1.Test_01_WaitAndSoftAssert(Test_Scenario_1.java:27)
at java.base/java.util.concurrent.ThreadPoolExecutor.runWorker(ThreadPoolExecutor.java:1144)
at java.base/java.util.concurrent.ThreadPoolExecutor$Worker.run(ThreadPoolExecutor.java:642)
at java.base/java.lang.Thread.run(Thread.java:1583)
... Removed 17 stack frames]]>
    </failure>
  </testcase> <!-- Test_01_WaitAndSoftAssert -->
  <testcase classname="TestNGTests.Test_Scenario_3" name="TestScenario_03_Alerts" time="6.78"/>
  <testcase classname="TestNGTests.Test_Scenario_2" name="testScenario2_ClickCheckBox" time="6.043"/>
</testsuite> <!-- TestNG_Firefox+130.0+Windows 11 -->
