<?xml version="1.0" encoding="UTF-8"?>
<!-- Generated by org.testng.reporters.JUnitXMLReporter -->
<testsuite ignored="0" hostname="adminpc-IdeaPad-5-15IAL7" failures="2" tests="3" name="TestNG_Microsoft Edge+127.0+macOS Ventura" time="604.859" errors="0" timestamp="2025-02-28T11:48:59 IST">
  <testcase classname="Utility.ConfigureClass" name="@BeforeMethod setUp" time="604.852">
    <failure type="java.lang.NullPointerException" message="Cannot invoke &amp;quot;org.openqa.selenium.remote.RemoteWebDriver.get(String)&amp;quot; because &amp;quot;this.driver&amp;quot; is null">
      <![CDATA[java.lang.NullPointerException: Cannot invoke "org.openqa.selenium.remote.RemoteWebDriver.get(String)" because "this.driver" is null
at Utility.ConfigureClass.setUp(ConfigureClass.java:54)
at java.base/java.util.concurrent.ThreadPoolExecutor.runWorker(ThreadPoolExecutor.java:1144)
at java.base/java.util.concurrent.ThreadPoolExecutor$Worker.run(ThreadPoolExecutor.java:642)
at java.base/java.lang.Thread.run(Thread.java:1583)
... Removed 14 stack frames]]>
    </failure>
  </testcase> <!-- @BeforeMethod setUp -->
  <testcase classname="Utility.ConfigureClass" name="@AfterMethod tearDown" time="-1.740723539386E9">
    <skipped/>
  </testcase> <!-- @AfterMethod tearDown -->
  <testcase classname="TestNGTests.Test_Scenario_1" name="Test_01_WaitAndSoftAssert" time="0.122">
    <failure type="java.lang.AssertionError" message="expected:&amp;lt;Selenium Grid Online | Run Selenium Test On Cloud&amp;gt; but was:&amp;lt;LambdaTest&amp;gt;">
      <![CDATA[java.lang.AssertionError: expected:<Selenium Grid Online | Run Selenium Test On Cloud> but was:<LambdaTest>
at TestNGTests.Test_Scenario_1.Test_01_WaitAndSoftAssert(Test_Scenario_1.java:27)
at java.base/java.util.concurrent.ThreadPoolExecutor.runWorker(ThreadPoolExecutor.java:1144)
at java.base/java.util.concurrent.ThreadPoolExecutor$Worker.run(ThreadPoolExecutor.java:642)
at java.base/java.lang.Thread.run(Thread.java:1583)
... Removed 17 stack frames]]>
    </failure>
  </testcase> <!-- Test_01_WaitAndSoftAssert -->
  <testcase classname="TestNGTests.Test_Scenario_2" name="testScenario2_ClickCheckBox" time="23.322">
    <failure type="org.testng.internal.thread.ThreadTimeoutException" message="Method TestNGTests.Test_Scenario_2.testScenario2_ClickCheckBox() didn&amp;apos;t finish within the time-out 20000">
      <![CDATA[org.testng.internal.thread.ThreadTimeoutException: Method TestNGTests.Test_Scenario_2.testScenario2_ClickCheckBox() didn't finish within the time-out 20000
at java.base/java.util.concurrent.ThreadPoolExecutor.runWorker(ThreadPoolExecutor.java:1144)
at java.base/java.util.concurrent.ThreadPoolExecutor$Worker.run(ThreadPoolExecutor.java:642)
at java.base/java.lang.Thread.run(Thread.java:1583)
... Removed 9 stack frames]]>
    </failure>
  </testcase> <!-- testScenario2_ClickCheckBox -->
  <testcase classname="TestNGTests.Test_Scenario_3" name="TestScenario_03_Alerts" time="0.0">
    <skipped/>
  </testcase> <!-- TestScenario_03_Alerts -->
</testsuite> <!-- TestNG_Microsoft Edge+127.0+macOS Ventura -->
